nohup: ignoring input
Exception in thread "DisconnectableInputStream source reader" org.gradle.api.UncheckedIOException: java.io.IOException: Bad file descriptor
	at org.gradle.internal.UncheckedException.throwAsUncheckedException(UncheckedException.java:62)
	at org.gradle.internal.UncheckedException.throwAsUncheckedException(UncheckedException.java:41)
	at org.gradle.util.internal.DisconnectableInputStream$1.run(DisconnectableInputStream.java:127)
	at java.base/java.lang.Thread.run(Thread.java:833)
Caused by: java.io.IOException: Bad file descriptor
	at java.base/java.io.FileInputStream.readBytes(Native Method)
	at java.base/java.io.FileInputStream.read(FileInputStream.java:276)
	at java.base/java.io.BufferedInputStream.read1(BufferedInputStream.java:282)
	at java.base/java.io.BufferedInputStream.read(BufferedInputStream.java:343)
	at org.gradle.util.internal.DisconnectableInputStream$1.run(DisconnectableInputStream.java:98)
	... 1 more

> Task :compileJava
Note: /root/apps/modubasketball/Poten/src/main/java/com/poten/basket/Poten/Controller/APIController.java uses unchecked or unsafe operations.
Note: Recompile with -Xlint:unchecked for details.

> Task :installReact
npm WARN deprecated stable@0.1.8: Modern JS already guarantees Array#sort() is a stable sort, so this library is deprecated. See the compatibility table on MDN: https://developer.mozilla.org/en-US/docs/Web/JavaScript/Reference/Global_Objects/Array/sort#browser_compatibility
npm WARN deprecated @babel/plugin-proposal-private-methods@7.18.6: This proposal has been merged to the ECMAScript standard and thus this plugin is no longer maintained. Please use @babel/plugin-transform-private-methods instead.
npm WARN deprecated @babel/plugin-proposal-numeric-separator@7.18.6: This proposal has been merged to the ECMAScript standard and thus this plugin is no longer maintained. Please use @babel/plugin-transform-numeric-separator instead.
npm WARN deprecated @babel/plugin-proposal-nullish-coalescing-operator@7.18.6: This proposal has been merged to the ECMAScript standard and thus this plugin is no longer maintained. Please use @babel/plugin-transform-nullish-coalescing-operator instead.
npm WARN deprecated @babel/plugin-proposal-class-properties@7.18.6: This proposal has been merged to the ECMAScript standard and thus this plugin is no longer maintained. Please use @babel/plugin-transform-class-properties instead.
npm WARN deprecated rollup-plugin-terser@7.0.2: This package has been deprecated and is no longer maintained. Please use @rollup/plugin-terser
npm WARN deprecated @babel/plugin-proposal-private-property-in-object@7.21.11: This proposal has been merged to the ECMAScript standard and thus this plugin is no longer maintained. Please use @babel/plugin-transform-private-property-in-object instead.
npm WARN deprecated @babel/plugin-proposal-optional-chaining@7.21.0: This proposal has been merged to the ECMAScript standard and thus this plugin is no longer maintained. Please use @babel/plugin-transform-optional-chaining instead.
npm WARN deprecated w3c-hr-time@1.0.2: Use your platform's native performance.now() and performance.timeOrigin.
npm WARN deprecated sourcemap-codec@1.4.8: Please use @jridgewell/sourcemap-codec instead
npm WARN deprecated workbox-cacheable-response@6.6.0: workbox-background-sync@6.6.0
npm WARN deprecated svgo@1.3.2: This SVGO version is no longer supported. Upgrade to v2.x.x.

added 2245 packages, and audited 2246 packages in 26s

371 packages are looking for funding
  run `npm fund` for details

9 vulnerabilities (3 moderate, 6 high)

To address all issues (including breaking changes), run:
  npm audit fix --force

Run `npm audit` for details.

> Task :buildReact

> poten@1.0.0 build
> cross-env NODE_ENV=production webpack --progress

<s> [webpack.Progress] 0% 

<s> [webpack.Progress] 1% setup before run
<s> [webpack.Progress] 1% setup before run NodeEnvironmentPlugin
<s> [webpack.Progress] 1% setup before run
<s> [webpack.Progress] 2% setup run
<s> [webpack.Progress] 2% setup run webpack-cli
<s> [webpack.Progress] 2% setup run
<s> [webpack.Progress] 4% setup normal module factory
<s> [webpack.Progress] 4% setup normal module factory
<s> [webpack.Progress] 5% setup context module factory
<s> [webpack.Progress] 5% setup context module factory
<s> [webpack.Progress] 6% setup before compile
<s> [webpack.Progress] 6% setup before compile ProgressPlugin
<s> [webpack.Progress] 6% setup before compile
<s> [webpack.Progress] 7% setup compile
<s> [webpack.Progress] 7% setup compile ExternalsPlugin
<s> [webpack.Progress] 7% setup compile
<s> [webpack.Progress] 8% setup compilation
<s> [webpack.Progress] 8% setup compilation ArrayPushCallbackChunkFormatPlugin
<s> [webpack.Progress] 8% setup compilation JsonpChunkLoadingPlugin
<s> [webpack.Progress] 8% setup compilation StartupChunkDependenciesPlugin
<s> [webpack.Progress] 8% setup compilation ImportScriptsChunkLoadingPlugin
<s> [webpack.Progress] 8% setup compilation FetchCompileWasmPlugin
<s> [webpack.Progress] 8% setup compilation FetchCompileAsyncWasmPlugin
<s> [webpack.Progress] 8% setup compilation WorkerPlugin
<s> [webpack.Progress] 8% setup compilation SplitChunksPlugin
<s> [webpack.Progress] 8% setup compilation ResolverCachePlugin
<s> [webpack.Progress] 8% setup compilation HtmlWebpackPlugin
<s> [webpack.Progress] 8% setup compilation
<s> [webpack.Progress] 9% setup compilation
<s> [webpack.Progress] 9% setup compilation ProgressPlugin
<s> [webpack.Progress] 9% setup compilation ChunkPrefetchPreloadPlugin
<s> [webpack.Progress] 9% setup compilation JavascriptModulesPlugin
<s> [webpack.Progress] 9% setup compilation JsonModulesPlugin
<s> [webpack.Progress] 9% setup compilation AssetModulesPlugin
<s> [webpack.Progress] 9% setup compilation EntryPlugin
<s> [webpack.Progress] 9% setup compilation RuntimePlugin
<s> [webpack.Progress] 9% setup compilation InferAsyncModulesPlugin
<s> [webpack.Progress] 9% setup compilation DataUriPlugin
<s> [webpack.Progress] 9% setup compilation FileUriPlugin
<s> [webpack.Progress] 9% setup compilation CompatibilityPlugin
<s> [webpack.Progress] 9% setup compilation HarmonyModulesPlugin
<s> [webpack.Progress] 9% setup compilation AMDPlugin
<s> [webpack.Progress] 9% setup compilation RequireJsStuffPlugin
<s> [webpack.Progress] 9% setup compilation CommonJsPlugin
<s> [webpack.Progress] 9% setup compilation LoaderPlugin
<s> [webpack.Progress] 9% setup compilation LoaderPlugin
<s> [webpack.Progress] 9% setup compilation NodeStuffPlugin
<s> [webpack.Progress] 9% setup compilation APIPlugin
<s> [webpack.Progress] 9% setup compilation ExportsInfoApiPlugin
<s> [webpack.Progress] 9% setup compilation WebpackIsIncludedPlugin
<s> [webpack.Progress] 9% setup compilation ConstPlugin
<s> [webpack.Progress] 9% setup compilation UseStrictPlugin
<s> [webpack.Progress] 9% setup compilation RequireIncludePlugin
<s> [webpack.Progress] 9% setup compilation RequireEnsurePlugin
<s> [webpack.Progress] 9% setup compilation RequireContextPlugin
<s> [webpack.Progress] 9% setup compilation ImportPlugin
<s> [webpack.Progress] 9% setup compilation ImportMetaContextPlugin
<s> [webpack.Progress] 9% setup compilation SystemPlugin
<s> [webpack.Progress] 9% setup compilation ImportMetaPlugin
<s> [webpack.Progress] 9% setup compilation URLPlugin
<s> [webpack.Progress] 9% setup compilation DefaultStatsFactoryPlugin
<s> [webpack.Progress] 9% setup compilation DefaultStatsPresetPlugin
<s> [webpack.Progress] 9% setup compilation DefaultStatsPrinterPlugin
<s> [webpack.Progress] 9% setup compilation JavascriptMetaInfoPlugin
<s> [webpack.Progress] 9% setup compilation EnsureChunkConditionsPlugin
<s> [webpack.Progress] 9% setup compilation RemoveEmptyChunksPlugin
<s> [webpack.Progress] 9% setup compilation MergeDuplicateChunksPlugin
<s> [webpack.Progress] 9% setup compilation FlagIncludedChunksPlugin
<s> [webpack.Progress] 9% setup compilation SideEffectsFlagPlugin
<s> [webpack.Progress] 9% setup compilation FlagDependencyExportsPlugin
<s> [webpack.Progress] 9% setup compilation FlagDependencyUsagePlugin
<s> [webpack.Progress] 9% setup compilation InnerGraphPlugin
<s> [webpack.Progress] 9% setup compilation MangleExportsPlugin
<s> [webpack.Progress] 9% setup compilation ModuleConcatenationPlugin
<s> [webpack.Progress] 9% setup compilation NoEmitOnErrorsPlugin
<s> [webpack.Progress] 9% setup compilation RealContentHashPlugin
<s> [webpack.Progress] 9% setup compilation WasmFinalizeExportsPlugin
<s> [webpack.Progress] 9% setup compilation DeterministicModuleIdsPlugin
<s> [webpack.Progress] 9% setup compilation DeterministicChunkIdsPlugin
<s> [webpack.Progress] 9% setup compilation DefinePlugin
<s> [webpack.Progress] 9% setup compilation TerserPlugin
<s> [webpack.Progress] 9% setup compilation TemplatedPathPlugin
<s> [webpack.Progress] 9% setup compilation RecordIdsPlugin
<s> [webpack.Progress] 9% setup compilation WarnCaseSensitiveModulesPlugin
<s> [webpack.Progress] 9% setup compilation
<s> [webpack.Progress] 10% building
<s> [webpack.Progress] 10% building 0/1 entries 0/0 dependencies 0/0 modules
<s> [webpack.Progress] 10% building import loader ./node_modules/babel-loader/lib/index.js
<s> [webpack.Progress] 10% building import loader ./node_modules/source-map-loader/dist/cjs.js
<s> [webpack.Progress] 10% building 0/1 entries 1/1 dependencies 0/1 modules
<s> [webpack.Progress] 10% building 0/1 entries 1/2 dependencies 0/1 modules
<s> [webpack.Progress] 10% building import loader ./node_modules/style-loader/dist/cjs.js
<s> [webpack.Progress] 10% building import loader ./node_modules/css-loader/dist/cjs.js
<s> [webpack.Progress] 10% building import loader ./node_modules/postcss-loader/dist/cjs.js
<s> [webpack.Progress] 10% building 0/1 entries 15/24 dependencies 2/11 modules
<s> [webpack.Progress] 10% building 0/1 entries 39/46 dependencies 2/31 modules
<s> [webpack.Progress] 10% building 0/1 entries 105/111 dependencies 24/66 modules
<s> [webpack.Progress] 10% building 0/1 entries 138/200 dependencies 39/92 modules
<s> [webpack.Progress] 10% building 0/1 entries 140/300 dependencies 39/93 modules
<s> [webpack.Progress] 10% building 0/1 entries 300/463 dependencies 40/120 modules
<s> [webpack.Progress] 10% building import loader ./node_modules/file-loader/dist/cjs.js
<s> [webpack.Progress] 10% building 0/1 entries 548/628 dependencies 47/218 modules
<s> [webpack.Progress] 11% building 0/1 entries 987/1000 dependencies 116/331 modules
<s> [webpack.Progress] 13% building 0/1 entries 1377/1383 dependencies 300/364 modules
<s> [webpack.Progress] 65% building 1/1 entries 1504/1504 dependencies 417/417 modules
<s> [webpack.Progress] 65% building
<s> [webpack.Progress] 69% building finish
<s> [webpack.Progress] 69% building finish
<s> [webpack.Progress] 70% sealing finish module graph
<s> [webpack.Progress] 70% sealing finish module graph ResolverCachePlugin
<s> [webpack.Progress] 70% sealing finish module graph InferAsyncModulesPlugin
<s> [webpack.Progress] 70% sealing finish module graph FlagDependencyExportsPlugin
<s> [webpack.Progress] 70% sealing finish module graph InnerGraphPlugin
<s> [webpack.Progress] 70% sealing finish module graph WasmFinalizeExportsPlugin
<s> [webpack.Progress] 70% sealing finish module graph
<s> [webpack.Progress] 70% sealing plugins
<s> [webpack.Progress] 70% sealing plugins WarnCaseSensitiveModulesPlugin
<s> [webpack.Progress] 70% sealing plugins
<s> [webpack.Progress] 71% sealing dependencies optimization
<s> [webpack.Progress] 71% sealing dependencies optimization SideEffectsFlagPlugin
<s> [webpack.Progress] 71% sealing dependencies optimization FlagDependencyUsagePlugin
<s> [webpack.Progress] 71% sealing dependencies optimization
<s> [webpack.Progress] 71% sealing after dependencies optimization
<s> [webpack.Progress] 71% sealing after dependencies optimization
<s> [webpack.Progress] 72% sealing chunk graph
<s> [webpack.Progress] 72% sealing chunk graph
<s> [webpack.Progress] 73% sealing after chunk graph
<s> [webpack.Progress] 73% sealing after chunk graph
<s> [webpack.Progress] 73% sealing optimizing
<s> [webpack.Progress] 73% sealing optimizing
<s> [webpack.Progress] 74% sealing module optimization
<s> [webpack.Progress] 74% sealing module optimization
<s> [webpack.Progress] 75% sealing after module optimization
<s> [webpack.Progress] 75% sealing after module optimization
<s> [webpack.Progress] 75% sealing chunk optimization
<s> [webpack.Progress] 75% sealing chunk optimization EnsureChunkConditionsPlugin
<s> [webpack.Progress] 75% sealing chunk optimization RemoveEmptyChunksPlugin
<s> [webpack.Progress] 75% sealing chunk optimization MergeDuplicateChunksPlugin
<s> [webpack.Progress] 75% sealing chunk optimization SplitChunksPlugin
<s> [webpack.Progress] 75% sealing chunk optimization RemoveEmptyChunksPlugin
<s> [webpack.Progress] 75% sealing chunk optimization
<s> [webpack.Progress] 76% sealing after chunk optimization
<s> [webpack.Progress] 76% sealing after chunk optimization
<s> [webpack.Progress] 77% sealing module and chunk tree optimization
<s> [webpack.Progress] 77% sealing module and chunk tree optimization PersistentChildCompilerSingletonPlugin
<s> [webpack.Progress] 77% sealing module and chunk tree optimization
<s> [webpack.Progress] 77% sealing after module and chunk tree optimization
<s> [webpack.Progress] 77% sealing after module and chunk tree optimization
<s> [webpack.Progress] 78% sealing chunk modules optimization
<s> [webpack.Progress] 78% sealing chunk modules optimization ModuleConcatenationPlugin
<s> [webpack.Progress] 78% sealing chunk modules optimization
<s> [webpack.Progress] 78% sealing after chunk modules optimization
<s> [webpack.Progress] 78% sealing after chunk modules optimization
<s> [webpack.Progress] 79% sealing module reviving
<s> [webpack.Progress] 79% sealing module reviving RecordIdsPlugin
<s> [webpack.Progress] 79% sealing module reviving
<s> [webpack.Progress] 80% sealing before module ids
<s> [webpack.Progress] 80% sealing before module ids
<s> [webpack.Progress] 80% sealing module ids
<s> [webpack.Progress] 80% sealing module ids DeterministicModuleIdsPlugin
<s> [webpack.Progress] 80% sealing module ids
<s> [webpack.Progress] 81% sealing module id optimization
<s> [webpack.Progress] 81% sealing module id optimization
<s> [webpack.Progress] 82% sealing module id optimization
<s> [webpack.Progress] 82% sealing module id optimization
<s> [webpack.Progress] 82% sealing chunk reviving
<s> [webpack.Progress] 82% sealing chunk reviving RecordIdsPlugin
<s> [webpack.Progress] 82% sealing chunk reviving
<s> [webpack.Progress] 83% sealing before chunk ids
<s> [webpack.Progress] 83% sealing before chunk ids
<s> [webpack.Progress] 84% sealing chunk ids
<s> [webpack.Progress] 84% sealing chunk ids DeterministicChunkIdsPlugin
<s> [webpack.Progress] 84% sealing chunk ids
<s> [webpack.Progress] 84% sealing chunk id optimization
<s> [webpack.Progress] 84% sealing chunk id optimization FlagIncludedChunksPlugin
<s> [webpack.Progress] 84% sealing chunk id optimization
<s> [webpack.Progress] 85% sealing after chunk id optimization
<s> [webpack.Progress] 85% sealing after chunk id optimization
<s> [webpack.Progress] 86% sealing record modules
<s> [webpack.Progress] 86% sealing record modules RecordIdsPlugin
<s> [webpack.Progress] 86% sealing record modules
<s> [webpack.Progress] 86% sealing record chunks
<s> [webpack.Progress] 86% sealing record chunks RecordIdsPlugin
<s> [webpack.Progress] 86% sealing record chunks
<s> [webpack.Progress] 87% sealing module hashing
<s> [webpack.Progress] 87% sealing module hashing
<s> [webpack.Progress] 87% sealing code generation
<s> [webpack.Progress] 87% sealing code generation
<s> [webpack.Progress] 88% sealing runtime requirements
<s> [webpack.Progress] 88% sealing runtime requirements
<s> [webpack.Progress] 89% sealing hashing
<s> [webpack.Progress] 89% sealing hashing
<s> [webpack.Progress] 89% sealing after hashing
<s> [webpack.Progress] 89% sealing after hashing
<s> [webpack.Progress] 90% sealing record hash
<s> [webpack.Progress] 90% sealing record hash
<s> [webpack.Progress] 91% sealing module assets processing
<s> [webpack.Progress] 91% sealing module assets processing
<s> [webpack.Progress] 91% sealing chunk assets processing
<s> [webpack.Progress] 91% sealing chunk assets processing
<s> [webpack.Progress] 92% sealing asset processing
<s> [webpack.Progress] 92% sealing asset processing PersistentChildCompilerSingletonPlugin
<s> [webpack.Progress] 92% sealing asset processing TerserPlugin
<s> [webpack.Progress] 92% sealing asset processing HtmlWebpackPlugin
<s> [webpack.Progress] 92% sealing asset processing RealContentHashPlugin
<s> [webpack.Progress] 92% sealing asset processing
<s> [webpack.Progress] 93% sealing after asset optimization
<s> [webpack.Progress] 93% sealing after asset optimization
<s> [webpack.Progress] 93% sealing recording
<s> [webpack.Progress] 93% sealing recording
<s> [webpack.Progress] 94% sealing after seal
<s> [webpack.Progress] 94% sealing after seal
<s> [webpack.Progress] 95% emitting emit
<s> [webpack.Progress] 95% emitting emit clean-webpack-plugin
<s> [webpack.Progress] 95% emitting emit
<s> [webpack.Progress] 98% emitting after emit
<s> [webpack.Progress] 98% emitting after emit SizeLimitsPlugin
<s> [webpack.Progress] 98% emitting after emit
<s> [webpack.Progress] 99% done plugins
<s> [webpack.Progress] 99% done plugins clean-webpack-plugin
<s> [webpack.Progress] 99% done plugins
<s> [webpack.Progress] 99% 

<s> [webpack.Progress] 99% cache store build dependencies
<s> [webpack.Progress] 99% cache store build dependencies
<s> [webpack.Progress] 99% cache begin idle
<s> [webpack.Progress] 99% cache begin idle
<s> [webpack.Progress] 100% 

<s> [webpack.Progress] 99% cache shutdown
<s> [webpack.Progress] 99% cache shutdown
<s> [webpack.Progress] 100% 

assets by chunk 3.85 MiB (auxiliary name: main)
  assets by path *.png 595 KiB
    asset 085bb94051f914f6a232725a85a57464.png 365 KiB [emitted] [immutable] [from: src/constants/image/fotter.png] (auxiliary name: main)
    + 24 assets
  assets by path *.svg 50.1 KiB
    asset dd7592446c3a1c2aa797c7c3add5c268.svg 7.95 KiB [emitted] [immutable] [from: src/constants/icon/feedback.svg] (auxiliary name: main)
    + 16 assets
  assets by status 3.21 MiB [big]
    asset 1f1dbbbf311ffffcc770.woff 1.08 MiB [emitted] [immutable] [from: src/constants/font/Pretendard-Bold.woff] [big] (auxiliary name: main)
    + 2 assets
assets by path *.js 400 KiB
  asset 891.e77dba66.js 260 KiB [emitted] [immutable] [minimized] (id hint: vendors) 1 related asset
  asset main.a29ac7f5.js 140 KiB [emitted] [immutable] [minimized] (name: main)
asset logo.png 3.43 KiB [emitted]
asset index.html 783 bytes [emitted]
Entrypoint main 400 KiB (3.85 MiB) = 891.e77dba66.js 260 KiB main.a29ac7f5.js 140 KiB 45 auxiliary assets
orphan modules 324 KiB [orphan] 201 modules
runtime modules 5.61 KiB 10 modules
cacheable modules 945 KiB (javascript) 3.21 MiB (asset)
  modules by path ./node_modules/core-js/ 133 KiB 164 modules
  modules by path ./node_modules/react-modal/lib/ 48.4 KiB 11 modules
  modules by path ./node_modules/style-loader/dist/runtime/*.js 5.84 KiB 6 modules
  modules by path ./src/ 233 KiB (javascript) 3.21 MiB (asset) 5 modules
  modules by path ./node_modules/use-sync-external-store/ 2.59 KiB 4 modules
  modules by path ./node_modules/react-dom/ 131 KiB 3 modules
  modules by path ./node_modules/prop-types/ 2.6 KiB 3 modules
  modules by path ./node_modules/css-loader/dist/runtime/*.js 2.89 KiB 3 modules
  modules by path ./node_modules/react/ 6.94 KiB 2 modules
  modules by path ./node_modules/react-cookie/es6/*.js 803 bytes 2 modules
  modules by path ./node_modules/scheduler/ 4.33 KiB 2 modules
  + 11 modules
webpack 5.89.0 compiled successfully in 12929 ms

> Task :copyReactBuildFiles
> Task :processResources
> Task :classes
> Task :resolveMainClassName

> Task :bootRun

  .   ____          _            __ _ _
 /\\ / ___'_ __ _ _(_)_ __  __ _ \ \ \ \
( ( )\___ | '_ | '_| | '_ \/ _` | \ \ \ \
 \\/  ___)| |_)| | | | | || (_| |  ) ) ) )
  '  |____| .__|_| |_|_| |_\__, | / / / /
 =========|_|==============|___/=/_/_/_/
 :: Spring Boot ::                (v3.1.5)

2023-11-28T18:32:46.156+09:00  INFO 329343 --- [           main] c.poten.basket.Poten.PotenApplication    : Starting PotenApplication using Java 17.0.8.1 with PID 329343 (/root/apps/modubasketball/Poten/build/classes/java/main started by root in /root/apps/modubasketball/Poten)
2023-11-28T18:32:46.167+09:00  INFO 329343 --- [           main] c.poten.basket.Poten.PotenApplication    : No active profile set, falling back to 1 default profile: "default"
2023-11-28T18:32:46.978+09:00  INFO 329343 --- [           main] ptablePropertiesBeanFactoryPostProcessor : Post-processing PropertySource instances
2023-11-28T18:32:46.979+09:00  INFO 329343 --- [           main] c.u.j.EncryptablePropertySourceConverter : Skipping PropertySource configurationProperties [class org.springframework.boot.context.properties.source.ConfigurationPropertySourcesPropertySource
2023-11-28T18:32:46.980+09:00  INFO 329343 --- [           main] c.u.j.EncryptablePropertySourceConverter : Skipping PropertySource servletConfigInitParams [class org.springframework.core.env.PropertySource$StubPropertySource
2023-11-28T18:32:46.981+09:00  INFO 329343 --- [           main] c.u.j.EncryptablePropertySourceConverter : Skipping PropertySource servletContextInitParams [class org.springframework.core.env.PropertySource$StubPropertySource
2023-11-28T18:32:46.982+09:00  INFO 329343 --- [           main] c.u.j.EncryptablePropertySourceConverter : Converting PropertySource systemProperties [org.springframework.core.env.PropertiesPropertySource] to EncryptableMapPropertySourceWrapper
2023-11-28T18:32:46.982+09:00  INFO 329343 --- [           main] c.u.j.EncryptablePropertySourceConverter : Converting PropertySource systemEnvironment [org.springframework.boot.env.SystemEnvironmentPropertySourceEnvironmentPostProcessor$OriginAwareSystemEnvironmentPropertySource] to EncryptableSystemEnvironmentPropertySourceWrapper
2023-11-28T18:32:46.982+09:00  INFO 329343 --- [           main] c.u.j.EncryptablePropertySourceConverter : Converting PropertySource random [org.springframework.boot.env.RandomValuePropertySource] to EncryptablePropertySourceWrapper
2023-11-28T18:32:46.982+09:00  INFO 329343 --- [           main] c.u.j.EncryptablePropertySourceConverter : Converting PropertySource Config resource 'class path resource [application.properties]' via location 'optional:classpath:/' [org.springframework.boot.env.OriginTrackedMapPropertySource] to EncryptableMapPropertySourceWrapper
2023-11-28T18:32:46.983+09:00  INFO 329343 --- [           main] c.u.j.EncryptablePropertySourceConverter : Converting PropertySource class path resource [application.properties] [org.springframework.core.io.support.ResourcePropertySource] to EncryptableMapPropertySourceWrapper
2023-11-28T18:32:47.094+09:00  INFO 329343 --- [           main] c.u.j.filter.DefaultLazyPropertyFilter   : Property Filter custom Bean not found with name 'encryptablePropertyFilter'. Initializing Default Property Filter
2023-11-28T18:32:47.103+09:00  INFO 329343 --- [           main] c.u.j.r.DefaultLazyPropertyResolver      : Property Resolver custom Bean not found with name 'encryptablePropertyResolver'. Initializing Default Property Resolver
2023-11-28T18:32:47.106+09:00  INFO 329343 --- [           main] c.u.j.d.DefaultLazyPropertyDetector      : Property Detector custom Bean not found with name 'encryptablePropertyDetector'. Initializing Default Property Detector
2023-11-28T18:32:47.332+09:00  INFO 329343 --- [           main] o.s.b.w.embedded.tomcat.TomcatWebServer  : Tomcat initialized with port(s): 8078 (http)
2023-11-28T18:32:47.347+09:00  INFO 329343 --- [           main] o.apache.catalina.core.StandardService   : Starting service [Tomcat]
2023-11-28T18:32:47.347+09:00  INFO 329343 --- [           main] o.apache.catalina.core.StandardEngine    : Starting Servlet engine: [Apache Tomcat/10.1.15]
2023-11-28T18:32:47.450+09:00  INFO 329343 --- [           main] o.a.c.c.C.[Tomcat].[localhost].[/]       : Initializing Spring embedded WebApplicationContext
2023-11-28T18:32:47.451+09:00  INFO 329343 --- [           main] w.s.c.ServletWebServerApplicationContext : Root WebApplicationContext: initialization completed in 1227 ms
2023-11-28T18:32:47.527+09:00  INFO 329343 --- [           main] c.u.j.encryptor.DefaultLazyEncryptor     : Found Custom Encryptor Bean org.jasypt.encryption.pbe.PooledPBEStringEncryptor@65e21ce3 with name: jasyptStringEncryptor
2023-11-28T18:32:47.884+09:00  INFO 329343 --- [           main] o.s.b.a.w.s.WelcomePageHandlerMapping    : Adding welcome page: class path resource [static/index.html]
2023-11-28T18:32:48.074+09:00  INFO 329343 --- [           main] o.s.b.w.embedded.tomcat.TomcatWebServer  : Tomcat started on port(s): 8078 (http) with context path ''
2023-11-28T18:32:48.076+09:00  INFO 329343 --- [           main] u.j.c.RefreshScopeRefreshedEventListener : Refreshing cached encryptable property sources on ServletWebServerInitializedEvent
2023-11-28T18:32:48.076+09:00  INFO 329343 --- [           main] CachingDelegateEncryptablePropertySource : Property Source systemProperties refreshed
2023-11-28T18:32:48.076+09:00  INFO 329343 --- [           main] CachingDelegateEncryptablePropertySource : Property Source systemEnvironment refreshed
2023-11-28T18:32:48.076+09:00  INFO 329343 --- [           main] CachingDelegateEncryptablePropertySource : Property Source random refreshed
2023-11-28T18:32:48.077+09:00  INFO 329343 --- [           main] CachingDelegateEncryptablePropertySource : Property Source Config resource 'class path resource [application.properties]' via location 'optional:classpath:/' refreshed
2023-11-28T18:32:48.077+09:00  INFO 329343 --- [           main] CachingDelegateEncryptablePropertySource : Property Source class path resource [application.properties] refreshed
2023-11-28T18:32:48.077+09:00  INFO 329343 --- [           main] c.u.j.EncryptablePropertySourceConverter : Skipping PropertySource configurationProperties [class org.springframework.boot.context.properties.source.ConfigurationPropertySourcesPropertySource
2023-11-28T18:32:48.077+09:00  INFO 329343 --- [           main] c.u.j.EncryptablePropertySourceConverter : Skipping PropertySource servletConfigInitParams [class org.springframework.core.env.PropertySource$StubPropertySource
2023-11-28T18:32:48.077+09:00  INFO 329343 --- [           main] c.u.j.EncryptablePropertySourceConverter : Converting PropertySource servletContextInitParams [org.springframework.web.context.support.ServletContextPropertySource] to EncryptableEnumerablePropertySourceWrapper
2023-11-28T18:32:48.086+09:00  INFO 329343 --- [           main] c.poten.basket.Poten.PotenApplication    : Started PotenApplication in 2.415 seconds (process running for 2.767)
2023-11-28T18:33:34.229+09:00  INFO 329343 --- [nio-8078-exec-1] o.a.c.c.C.[Tomcat].[localhost].[/]       : Initializing Spring DispatcherServlet 'dispatcherServlet'
2023-11-28T18:33:34.229+09:00  INFO 329343 --- [nio-8078-exec-1] o.s.web.servlet.DispatcherServlet        : Initializing Servlet 'dispatcherServlet'
2023-11-28T18:33:34.230+09:00  INFO 329343 --- [nio-8078-exec-1] o.s.web.servlet.DispatcherServlet        : Completed initialization in 1 ms
2023-11-28T18:33:34.479+09:00  INFO 329343 --- [nio-8078-exec-4] com.zaxxer.hikari.HikariDataSource       : HikariPool-1 - Starting...
2023-11-28T18:33:34.982+09:00  INFO 329343 --- [nio-8078-exec-4] com.zaxxer.hikari.pool.HikariPool        : HikariPool-1 - Added connection com.mysql.cj.jdbc.ConnectionImpl@33f9663d
2023-11-28T18:33:34.986+09:00  INFO 329343 --- [nio-8078-exec-4] com.zaxxer.hikari.HikariDataSource       : HikariPool-1 - Start completed.
====================create====================
create의 params = MapRequest(id=null, lat=37.43914035011369, lon=126.88257252630845, courtType=아스팔트, feeYn=유료, courtSize=풀코트, goalPost=2, parkYn=불가능, address=경기 광명시 소하동 878, comment=, courtName=test)
생성됨
====================create====================
create의 params = MapRequest(id=null, lat=37.43149921046916, lon=126.88204212880154, courtType=고무, feeYn=유료, courtSize=풀코트, goalPost=2, parkYn=불가능, address=경기도 광명시 성채로 37, comment=, courtName=test)
생성됨
====================create====================
create의 params = MapRequest(id=null, lat=37.433656919812925, lon=126.87739486757668, courtType=아스팔트, feeYn=유료, courtSize=풀코트, goalPost=2, parkYn=불가능, address=경기 광명시 소하동 939-11, comment=, courtName=test)
생성됨
2023-11-28T18:49:54.641+09:00  WARN 329343 --- [nio-8078-exec-7] com.zaxxer.hikari.pool.PoolBase          : HikariPool-1 - Failed to validate connection com.mysql.cj.jdbc.ConnectionImpl@6b52e3a1 (No operations allowed after connection closed.). Possibly consider using a shorter maxLifetime value.
2023-11-28T18:49:54.641+09:00  WARN 329343 --- [nio-8078-exec-8] com.zaxxer.hikari.pool.PoolBase          : HikariPool-1 - Failed to validate connection com.mysql.cj.jdbc.ConnectionImpl@33f9663d (No operations allowed after connection closed.). Possibly consider using a shorter maxLifetime value.
2023-11-28T18:49:54.642+09:00  WARN 329343 --- [nio-8078-exec-8] com.zaxxer.hikari.pool.PoolBase          : HikariPool-1 - Failed to validate connection com.mysql.cj.jdbc.ConnectionImpl@4b72fce2 (No operations allowed after connection closed.). Possibly consider using a shorter maxLifetime value.
2023-11-28T18:49:54.643+09:00  WARN 329343 --- [nio-8078-exec-7] com.zaxxer.hikari.pool.PoolBase          : HikariPool-1 - Failed to validate connection com.mysql.cj.jdbc.ConnectionImpl@67bcebbd (No operations allowed after connection closed.). Possibly consider using a shorter maxLifetime value.
2023-11-28T18:49:54.643+09:00  WARN 329343 --- [nio-8078-exec-8] com.zaxxer.hikari.pool.PoolBase          : HikariPool-1 - Failed to validate connection com.mysql.cj.jdbc.ConnectionImpl@1965e72a (No operations allowed after connection closed.). Possibly consider using a shorter maxLifetime value.
2023-11-28T18:49:54.644+09:00  WARN 329343 --- [nio-8078-exec-7] com.zaxxer.hikari.pool.PoolBase          : HikariPool-1 - Failed to validate connection com.mysql.cj.jdbc.ConnectionImpl@1b8f4300 (No operations allowed after connection closed.). Possibly consider using a shorter maxLifetime value.
2023-11-28T18:49:54.644+09:00  WARN 329343 --- [nio-8078-exec-8] com.zaxxer.hikari.pool.PoolBase          : HikariPool-1 - Failed to validate connection com.mysql.cj.jdbc.ConnectionImpl@2dc8c229 (No operations allowed after connection closed.). Possibly consider using a shorter maxLifetime value.
2023-11-28T18:49:54.645+09:00  WARN 329343 --- [nio-8078-exec-8] com.zaxxer.hikari.pool.PoolBase          : HikariPool-1 - Failed to validate connection com.mysql.cj.jdbc.ConnectionImpl@924a905 (No operations allowed after connection closed.). Possibly consider using a shorter maxLifetime value.
2023-11-28T18:49:54.646+09:00  WARN 329343 --- [nio-8078-exec-8] com.zaxxer.hikari.pool.PoolBase          : HikariPool-1 - Failed to validate connection com.mysql.cj.jdbc.ConnectionImpl@55edc12f (No operations allowed after connection closed.). Possibly consider using a shorter maxLifetime value.
2023-11-28T18:49:54.648+09:00  WARN 329343 --- [nio-8078-exec-7] com.zaxxer.hikari.pool.PoolBase          : HikariPool-1 - Failed to validate connection com.mysql.cj.jdbc.ConnectionImpl@1fb61f80 (No operations allowed after connection closed.). Possibly consider using a shorter maxLifetime value.
2023-11-28T18:56:24.813+09:00  WARN 329343 --- [nio-8078-exec-4] com.zaxxer.hikari.pool.PoolBase          : HikariPool-1 - Failed to validate connection com.mysql.cj.jdbc.ConnectionImpl@db2b3b6 (No operations allowed after connection closed.). Possibly consider using a shorter maxLifetime value.
2023-11-28T18:56:24.815+09:00  WARN 329343 --- [nio-8078-exec-3] com.zaxxer.hikari.pool.PoolBase          : HikariPool-1 - Failed to validate connection com.mysql.cj.jdbc.ConnectionImpl@12f963de (No operations allowed after connection closed.). Possibly consider using a shorter maxLifetime value.
2023-11-28T18:56:24.816+09:00  WARN 329343 --- [nio-8078-exec-3] com.zaxxer.hikari.pool.PoolBase          : HikariPool-1 - Failed to validate connection com.mysql.cj.jdbc.ConnectionImpl@16c6e559 (No operations allowed after connection closed.). Possibly consider using a shorter maxLifetime value.
2023-11-28T18:56:24.816+09:00  WARN 329343 --- [nio-8078-exec-5] com.zaxxer.hikari.pool.PoolBase          : HikariPool-1 - Failed to validate connection com.mysql.cj.jdbc.ConnectionImpl@51731f33 (No operations allowed after connection closed.). Possibly consider using a shorter maxLifetime value.
2023-11-28T18:56:24.817+09:00  WARN 329343 --- [nio-8078-exec-3] com.zaxxer.hikari.pool.PoolBase          : HikariPool-1 - Failed to validate connection com.mysql.cj.jdbc.ConnectionImpl@53c469e5 (No operations allowed after connection closed.). Possibly consider using a shorter maxLifetime value.
2023-11-28T18:56:24.818+09:00  WARN 329343 --- [nio-8078-exec-3] com.zaxxer.hikari.pool.PoolBase          : HikariPool-1 - Failed to validate connection com.mysql.cj.jdbc.ConnectionImpl@3be3ea72 (No operations allowed after connection closed.). Possibly consider using a shorter maxLifetime value.
2023-11-28T18:56:24.819+09:00  WARN 329343 --- [nio-8078-exec-3] com.zaxxer.hikari.pool.PoolBase          : HikariPool-1 - Failed to validate connection com.mysql.cj.jdbc.ConnectionImpl@62dd9943 (No operations allowed after connection closed.). Possibly consider using a shorter maxLifetime value.
2023-11-28T18:56:24.820+09:00  WARN 329343 --- [nio-8078-exec-3] com.zaxxer.hikari.pool.PoolBase          : HikariPool-1 - Failed to validate connection com.mysql.cj.jdbc.ConnectionImpl@4310446c (No operations allowed after connection closed.). Possibly consider using a shorter maxLifetime value.
2023-11-28T18:56:24.819+09:00  WARN 329343 --- [nio-8078-exec-5] com.zaxxer.hikari.pool.PoolBase          : HikariPool-1 - Failed to validate connection com.mysql.cj.jdbc.ConnectionImpl@107fc830 (No operations allowed after connection closed.). Possibly consider using a shorter maxLifetime value.
2023-11-28T18:56:24.822+09:00  WARN 329343 --- [nio-8078-exec-3] com.zaxxer.hikari.pool.PoolBase          : HikariPool-1 - Failed to validate connection com.mysql.cj.jdbc.ConnectionImpl@33eb96aa (No operations allowed after connection closed.). Possibly consider using a shorter maxLifetime value.
====================create====================
create의 params = MapRequest(id=null, lat=37.437128535475715, lon=126.88926496723437, courtType=아스팔트, feeYn=유료, courtSize=반코트, goalPost=2, parkYn=불가능, address=경기도 광명시 기아로 113, comment=, courtName=test)
생성됨
2023-11-28T22:38:41.168+09:00  WARN 329343 --- [nio-8078-exec-6] .w.s.m.s.DefaultHandlerExceptionResolver : Resolved [org.springframework.web.HttpRequestMethodNotSupportedException: Request method 'POST' is not supported]
====================create====================
create의 params = MapRequest(id=null, lat=37.44435240248407, lon=126.9955475709851, courtType=우레탄, feeYn=무료, courtSize=풀코트, goalPost=4, parkYn=불가능, address=경기도 과천시 중앙로 294, comment=넓고 큰 풀코트 2개 있습니다., courtName=관문체육공원 농구장A)
생성됨
====================create====================
create의 params = MapRequest(id=null, lat=37.44124836824523, lon=126.99463244563717, courtType=우레탄, feeYn=무료, courtSize=풀코트, goalPost=2, parkYn=불가능, address=경기도 과천시 중앙로 294, comment=24시간 개방, courtName=관문체육공원 농구장B)
생성됨
====================update====================
update의 params = MapRequest(id=287, lat=0.0, lon=0.0, courtType=우레탄, feeYn=무료, courtSize=풀코트, goalPost=4, parkYn=불가능, address=경기도 과천시 중앙로 294, comment=24시간 개방, 넓고 큰 풀코트 2개 있습니다., courtName=관문체육공원 농구장A)
====================create====================
create의 params = MapRequest(id=null, lat=37.550422583055465, lon=126.96428488644021, courtType=우레탄, feeYn=무료, courtSize=풀코트, goalPost=6, parkYn=가능, address=서울특별시 용산구 효창원로 258, comment=풀코트 2개이고, 주차비 있습니다., courtName=배문중고등학교 농구장)
생성됨
====================update====================
update의 params = MapRequest(id=39, lat=0.0, lon=0.0, courtType=우레탄, feeYn=무료, courtSize=풀코트, goalPost=2, parkYn=불가능, address=서울 강서구 화곡동 산 164-3, comment=, courtName=까치산공원 농구장)
====================create====================
create의 params = MapRequest(id=null, lat=36.79164498189332, lon=127.09697048039051, courtType=알 수 없음, feeYn=무료, courtSize=풀코트, goalPost=2, parkYn=불가능, address=충남 아산시 배방읍 장재리 1343, comment=천안 아산역에서 도보 20분 정도 걸립니다., courtName=지산체육공원 농구장)
생성됨
====================create====================
create의 params = MapRequest(id=null, lat=33.518255686051276, lon=126.52569846012575, courtType=우레탄, feeYn=무료, courtSize=반코트, goalPost=5, parkYn=불가능, address=제주특별자치도 제주시 건입동 1444, comment=반코트 5개이고 24시 사용 가능합니다., courtName=탑동 농구장)
생성됨
====================create====================
create의 params = MapRequest(id=null, lat=37.50392460081347, lon=127.12882710218689, courtType=null, feeYn=null, courtSize=null, goalPost=null, parkYn=null, address=서울특별시 송파구 중대로 247, comment=, courtName=오금고등학교 농구장)
생성됨
====================create====================
create의 params = MapRequest(id=null, lat=37.50138026891043, lon=127.13596729399102, courtType=null, feeYn=null, courtSize=null, goalPost=null, parkYn=null, address=서울 송파구 오금동 59, comment=, courtName=오주중학교 농구장)
생성됨
====================create====================
create의 params = MapRequest(id=null, lat=37.495091507637476, lon=127.12972789331495, courtType=null, feeYn=null, courtSize=null, goalPost=null, parkYn=null, address=서울특별시 송파구 동남로 203, comment=, courtName=송파중학교 농구장)
생성됨
====================create====================
create의 params = MapRequest(id=null, lat=37.492780296945384, lon=127.12984545535032, courtType=null, feeYn=null, courtSize=null, goalPost=null, parkYn=null, address=서울특별시 송파구 문정로 83, comment=, courtName=문정동 삼성래미안아파트 농구장)
생성됨
====================create====================
create의 params = MapRequest(id=null, lat=37.50217883481987, lon=127.11352264119783, courtType=null, feeYn=null, courtSize=null, goalPost=null, parkYn=null, address=서울특별시 송파구 송파대로38길 8, comment=, courtName=잠실여자고등학교 농구장)
생성됨
====================create====================
create의 params = MapRequest(id=null, lat=37.50151378045477, lon=127.11410688460046, courtType=null, feeYn=null, courtSize=null, goalPost=null, parkYn=null, address=서울특별시 송파구 송파대로38길 8, comment=, courtName=일신여자상업고등학교 농구장)
생성됨
====================create====================
create의 params = MapRequest(id=null, lat=37.50378445249407, lon=127.1185408474326, courtType=null, feeYn=null, courtSize=null, goalPost=null, parkYn=null, address=서울특별시 송파구 오금로32길 14, comment=, courtName=삼성래미안아파트 농구장)
생성됨
====================deleteReq====================
224
삭제 요청됨
====================create====================
create의 params = MapRequest(id=null, lat=36.359415659073406, lon=127.363180191953, courtType=우레탄, feeYn=무료, courtSize=풀코트, goalPost=2, parkYn=불가능, address=대전광역시 서구 월평중로 55, comment=, courtName=은평공원 농구장)
생성됨
====================create====================
create의 params = MapRequest(id=null, lat=36.33558607457864, lon=127.33471153570027, courtType=우레탄, feeYn=무료, courtSize=풀코트, goalPost=2, parkYn=가능, address=대전 유성구 상대동 488, comment=주차 : 대전시립박물관 주차장에 주차 가능합니다
조명 : 농구 코트용 조명은 따로 없음, 주변 가로등 & 족구장 조명을 간접등으로 사용합니다. 그렇게 어둡지는 않아 야간에도 농구 가능합니다.
골대 : 최근에 새 골대로 바뀌었습니다(23.12.01. 기준)
인원 : 농구장 사용 인원이 많지 않아 언제든 자유롭게 연습 가능합니다., courtName=도안문화공원 농구장)
생성됨
2023-12-01T18:41:39.811+09:00  INFO 329343 --- [nio-8078-exec-3] o.apache.coyote.http11.Http11Processor   : Error parsing HTTP request header
 Note: further occurrences of HTTP request parsing errors will be logged at DEBUG level.

java.lang.IllegalArgumentException: Invalid character found in method name [0x160x030x010x000xee0x010x000x000xea0x030x03Q9.0x0bfm=*$0xf20xaf80xc10x010xab0x060xd10x84%0xd10x1e0x850xdd0x0b0x95h0x1d0xcc]0x880xc00xe1 ]. HTTP method names must be tokens
	at org.apache.coyote.http11.Http11InputBuffer.parseRequestLine(Http11InputBuffer.java:407) ~[tomcat-embed-core-10.1.15.jar:10.1.15]
	at org.apache.coyote.http11.Http11Processor.service(Http11Processor.java:264) ~[tomcat-embed-core-10.1.15.jar:10.1.15]
	at org.apache.coyote.AbstractProcessorLight.process(AbstractProcessorLight.java:63) ~[tomcat-embed-core-10.1.15.jar:10.1.15]
	at org.apache.coyote.AbstractProtocol$ConnectionHandler.process(AbstractProtocol.java:896) ~[tomcat-embed-core-10.1.15.jar:10.1.15]
	at org.apache.tomcat.util.net.NioEndpoint$SocketProcessor.doRun(NioEndpoint.java:1744) ~[tomcat-embed-core-10.1.15.jar:10.1.15]
	at org.apache.tomcat.util.net.SocketProcessorBase.run(SocketProcessorBase.java:52) ~[tomcat-embed-core-10.1.15.jar:10.1.15]
	at org.apache.tomcat.util.threads.ThreadPoolExecutor.runWorker(ThreadPoolExecutor.java:1191) ~[tomcat-embed-core-10.1.15.jar:10.1.15]
	at org.apache.tomcat.util.threads.ThreadPoolExecutor$Worker.run(ThreadPoolExecutor.java:659) ~[tomcat-embed-core-10.1.15.jar:10.1.15]
	at org.apache.tomcat.util.threads.TaskThread$WrappingRunnable.run(TaskThread.java:61) ~[tomcat-embed-core-10.1.15.jar:10.1.15]
	at java.base/java.lang.Thread.run(Thread.java:833) ~[na:na]

2023-12-02T04:32:42.589+09:00  INFO 329343 --- [nio-8078-exec-4] o.apache.coyote.http11.Http11Processor   : Error parsing HTTP request header
 Note: further occurrences of HTTP request parsing errors will be logged at DEBUG level.

java.lang.IllegalArgumentException: Invalid character found in method name [0x030x000x00/*0xe00x000x000x000x000x00Cookie: ]. HTTP method names must be tokens
	at org.apache.coyote.http11.Http11InputBuffer.parseRequestLine(Http11InputBuffer.java:407) ~[tomcat-embed-core-10.1.15.jar:10.1.15]
	at org.apache.coyote.http11.Http11Processor.service(Http11Processor.java:264) ~[tomcat-embed-core-10.1.15.jar:10.1.15]
	at org.apache.coyote.AbstractProcessorLight.process(AbstractProcessorLight.java:63) ~[tomcat-embed-core-10.1.15.jar:10.1.15]
	at org.apache.coyote.AbstractProtocol$ConnectionHandler.process(AbstractProtocol.java:896) ~[tomcat-embed-core-10.1.15.jar:10.1.15]
	at org.apache.tomcat.util.net.NioEndpoint$SocketProcessor.doRun(NioEndpoint.java:1744) ~[tomcat-embed-core-10.1.15.jar:10.1.15]
	at org.apache.tomcat.util.net.SocketProcessorBase.run(SocketProcessorBase.java:52) ~[tomcat-embed-core-10.1.15.jar:10.1.15]
	at org.apache.tomcat.util.threads.ThreadPoolExecutor.runWorker(ThreadPoolExecutor.java:1191) ~[tomcat-embed-core-10.1.15.jar:10.1.15]
	at org.apache.tomcat.util.threads.ThreadPoolExecutor$Worker.run(ThreadPoolExecutor.java:659) ~[tomcat-embed-core-10.1.15.jar:10.1.15]
	at org.apache.tomcat.util.threads.TaskThread$WrappingRunnable.run(TaskThread.java:61) ~[tomcat-embed-core-10.1.15.jar:10.1.15]
	at java.base/java.lang.Thread.run(Thread.java:833) ~[na:na]

2023-12-02T12:30:26.322+09:00  WARN 329343 --- [nio-8078-exec-4] .w.s.m.s.DefaultHandlerExceptionResolver : Resolved [org.springframework.web.HttpRequestMethodNotSupportedException: Request method 'POST' is not supported]
2023-12-02T14:22:53.647+09:00  WARN 329343 --- [nio-8078-exec-9] .w.s.m.s.DefaultHandlerExceptionResolver : Resolved [org.springframework.web.HttpRequestMethodNotSupportedException: Request method 'POST' is not supported]
2023-12-06T02:12:58.128+09:00  INFO 329343 --- [nio-8078-exec-7] o.apache.coyote.http11.Http11Processor   : Error parsing HTTP request header
 Note: further occurrences of HTTP request parsing errors will be logged at DEBUG level.

java.lang.IllegalArgumentException: Invalid character found in method name [0x030x000x00/*0xe00x000x000x000x000x00Cookie: ]. HTTP method names must be tokens
	at org.apache.coyote.http11.Http11InputBuffer.parseRequestLine(Http11InputBuffer.java:407) ~[tomcat-embed-core-10.1.15.jar:10.1.15]
	at org.apache.coyote.http11.Http11Processor.service(Http11Processor.java:264) ~[tomcat-embed-core-10.1.15.jar:10.1.15]
	at org.apache.coyote.AbstractProcessorLight.process(AbstractProcessorLight.java:63) ~[tomcat-embed-core-10.1.15.jar:10.1.15]
	at org.apache.coyote.AbstractProtocol$ConnectionHandler.process(AbstractProtocol.java:896) ~[tomcat-embed-core-10.1.15.jar:10.1.15]
	at org.apache.tomcat.util.net.NioEndpoint$SocketProcessor.doRun(NioEndpoint.java:1744) ~[tomcat-embed-core-10.1.15.jar:10.1.15]
	at org.apache.tomcat.util.net.SocketProcessorBase.run(SocketProcessorBase.java:52) ~[tomcat-embed-core-10.1.15.jar:10.1.15]
	at org.apache.tomcat.util.threads.ThreadPoolExecutor.runWorker(ThreadPoolExecutor.java:1191) ~[tomcat-embed-core-10.1.15.jar:10.1.15]
	at org.apache.tomcat.util.threads.ThreadPoolExecutor$Worker.run(ThreadPoolExecutor.java:659) ~[tomcat-embed-core-10.1.15.jar:10.1.15]
	at org.apache.tomcat.util.threads.TaskThread$WrappingRunnable.run(TaskThread.java:61) ~[tomcat-embed-core-10.1.15.jar:10.1.15]
	at java.base/java.lang.Thread.run(Thread.java:833) ~[na:na]

2023-12-07T06:59:45.455+09:00  INFO 329343 --- [io-8078-exec-10] o.apache.coyote.http11.Http11Processor   : Error parsing HTTP request header
 Note: further occurrences of HTTP request parsing errors will be logged at DEBUG level.

java.lang.IllegalArgumentException: Invalid character found in method name [0x030x000x00/*0xe00x000x000x000x000x00Cookie: ]. HTTP method names must be tokens
	at org.apache.coyote.http11.Http11InputBuffer.parseRequestLine(Http11InputBuffer.java:407) ~[tomcat-embed-core-10.1.15.jar:10.1.15]
	at org.apache.coyote.http11.Http11Processor.service(Http11Processor.java:264) ~[tomcat-embed-core-10.1.15.jar:10.1.15]
	at org.apache.coyote.AbstractProcessorLight.process(AbstractProcessorLight.java:63) ~[tomcat-embed-core-10.1.15.jar:10.1.15]
	at org.apache.coyote.AbstractProtocol$ConnectionHandler.process(AbstractProtocol.java:896) ~[tomcat-embed-core-10.1.15.jar:10.1.15]
	at org.apache.tomcat.util.net.NioEndpoint$SocketProcessor.doRun(NioEndpoint.java:1744) ~[tomcat-embed-core-10.1.15.jar:10.1.15]
	at org.apache.tomcat.util.net.SocketProcessorBase.run(SocketProcessorBase.java:52) ~[tomcat-embed-core-10.1.15.jar:10.1.15]
	at org.apache.tomcat.util.threads.ThreadPoolExecutor.runWorker(ThreadPoolExecutor.java:1191) ~[tomcat-embed-core-10.1.15.jar:10.1.15]
	at org.apache.tomcat.util.threads.ThreadPoolExecutor$Worker.run(ThreadPoolExecutor.java:659) ~[tomcat-embed-core-10.1.15.jar:10.1.15]
	at org.apache.tomcat.util.threads.TaskThread$WrappingRunnable.run(TaskThread.java:61) ~[tomcat-embed-core-10.1.15.jar:10.1.15]
	at java.base/java.lang.Thread.run(Thread.java:833) ~[na:na]

2023-12-07T12:52:05.177+09:00  WARN 329343 --- [nio-8078-exec-3] .w.s.m.s.DefaultHandlerExceptionResolver : Resolved [org.springframework.web.HttpRequestMethodNotSupportedException: Request method 'POST' is not supported]
2023-12-08T08:25:26.500+09:00  WARN 329343 --- [nio-8078-exec-2] .w.s.m.s.DefaultHandlerExceptionResolver : Resolved [org.springframework.web.HttpRequestMethodNotSupportedException: Request method 'POST' is not supported]
2023-12-08T22:03:57.607+09:00  WARN 329343 --- [nio-8078-exec-3] .w.s.m.s.DefaultHandlerExceptionResolver : Resolved [org.springframework.web.HttpRequestMethodNotSupportedException: Request method 'POST' is not supported]
2023-12-08T22:10:52.015+09:00 ERROR 329343 --- [nio-8078-exec-6] o.a.c.c.C.[.[.[/].[dispatcherServlet]    : Servlet.service() for servlet [dispatcherServlet] in context with path [] threw exception

java.lang.IllegalArgumentException: URLDecoder: Illegal hex characters in escape (%) pattern - Error at index 0 in: "@ "
	at java.base/java.net.URLDecoder.decode(URLDecoder.java:237) ~[na:na]
	at org.springframework.http.converter.FormHttpMessageConverter.read(FormHttpMessageConverter.java:353) ~[spring-web-6.0.13.jar:6.0.13]
	at org.springframework.web.filter.FormContentFilter.parseIfNecessary(FormContentFilter.java:109) ~[spring-web-6.0.13.jar:6.0.13]
	at org.springframework.web.filter.FormContentFilter.doFilterInternal(FormContentFilter.java:88) ~[spring-web-6.0.13.jar:6.0.13]
	at org.springframework.web.filter.OncePerRequestFilter.doFilter(OncePerRequestFilter.java:116) ~[spring-web-6.0.13.jar:6.0.13]
	at org.apache.catalina.core.ApplicationFilterChain.internalDoFilter(ApplicationFilterChain.java:174) ~[tomcat-embed-core-10.1.15.jar:10.1.15]
	at org.apache.catalina.core.ApplicationFilterChain.doFilter(ApplicationFilterChain.java:149) ~[tomcat-embed-core-10.1.15.jar:10.1.15]
	at org.springframework.web.filter.CharacterEncodingFilter.doFilterInternal(CharacterEncodingFilter.java:201) ~[spring-web-6.0.13.jar:6.0.13]
	at org.springframework.web.filter.OncePerRequestFilter.doFilter(OncePerRequestFilter.java:116) ~[spring-web-6.0.13.jar:6.0.13]
	at org.apache.catalina.core.ApplicationFilterChain.internalDoFilter(ApplicationFilterChain.java:174) ~[tomcat-embed-core-10.1.15.jar:10.1.15]
	at org.apache.catalina.core.ApplicationFilterChain.doFilter(ApplicationFilterChain.java:149) ~[tomcat-embed-core-10.1.15.jar:10.1.15]
	at org.apache.catalina.core.StandardWrapperValve.invoke(StandardWrapperValve.java:167) ~[tomcat-embed-core-10.1.15.jar:10.1.15]
	at org.apache.catalina.core.StandardContextValve.invoke(StandardContextValve.java:90) ~[tomcat-embed-core-10.1.15.jar:10.1.15]
	at org.apache.catalina.authenticator.AuthenticatorBase.invoke(AuthenticatorBase.java:482) ~[tomcat-embed-core-10.1.15.jar:10.1.15]
	at org.apache.catalina.core.StandardHostValve.invoke(StandardHostValve.java:115) ~[tomcat-embed-core-10.1.15.jar:10.1.15]
	at org.apache.catalina.valves.ErrorReportValve.invoke(ErrorReportValve.java:93) ~[tomcat-embed-core-10.1.15.jar:10.1.15]
	at org.apache.catalina.core.StandardEngineValve.invoke(StandardEngineValve.java:74) ~[tomcat-embed-core-10.1.15.jar:10.1.15]
	at org.apache.catalina.connector.CoyoteAdapter.service(CoyoteAdapter.java:340) ~[tomcat-embed-core-10.1.15.jar:10.1.15]
	at org.apache.coyote.http11.Http11Processor.service(Http11Processor.java:391) ~[tomcat-embed-core-10.1.15.jar:10.1.15]
	at org.apache.coyote.AbstractProcessorLight.process(AbstractProcessorLight.java:63) ~[tomcat-embed-core-10.1.15.jar:10.1.15]
	at org.apache.coyote.AbstractProtocol$ConnectionHandler.process(AbstractProtocol.java:896) ~[tomcat-embed-core-10.1.15.jar:10.1.15]
	at org.apache.tomcat.util.net.NioEndpoint$SocketProcessor.doRun(NioEndpoint.java:1744) ~[tomcat-embed-core-10.1.15.jar:10.1.15]
	at org.apache.tomcat.util.net.SocketProcessorBase.run(SocketProcessorBase.java:52) ~[tomcat-embed-core-10.1.15.jar:10.1.15]
	at org.apache.tomcat.util.threads.ThreadPoolExecutor.runWorker(ThreadPoolExecutor.java:1191) ~[tomcat-embed-core-10.1.15.jar:10.1.15]
	at org.apache.tomcat.util.threads.ThreadPoolExecutor$Worker.run(ThreadPoolExecutor.java:659) ~[tomcat-embed-core-10.1.15.jar:10.1.15]
	at org.apache.tomcat.util.threads.TaskThread$WrappingRunnable.run(TaskThread.java:61) ~[tomcat-embed-core-10.1.15.jar:10.1.15]
	at java.base/java.lang.Thread.run(Thread.java:833) ~[na:na]

2023-12-08T22:42:36.330+09:00  WARN 329343 --- [nio-8078-exec-1] .w.s.m.s.DefaultHandlerExceptionResolver : Resolved [org.springframework.web.HttpRequestMethodNotSupportedException: Request method 'GET' is not supported]
2023-12-10T01:46:03.086+09:00  WARN 329343 --- [nio-8078-exec-5] .w.s.m.s.DefaultHandlerExceptionResolver : Resolved [org.springframework.web.HttpRequestMethodNotSupportedException: Request method 'POST' is not supported]
2023-12-10T12:11:33.921+09:00  WARN 329343 --- [nio-8078-exec-5] .w.s.m.s.DefaultHandlerExceptionResolver : Resolved [org.springframework.web.HttpRequestMethodNotSupportedException: Request method 'POST' is not supported]
2023-12-10T23:38:47.366+09:00  INFO 329343 --- [nio-8078-exec-5] o.apache.coyote.http11.Http11Processor   : Error parsing HTTP request header
 Note: further occurrences of HTTP request parsing errors will be logged at DEBUG level.

java.lang.IllegalArgumentException: Invalid character found in method name [0x030x000x00/*0xe00x000x000x000x000x00Cookie: ]. HTTP method names must be tokens
	at org.apache.coyote.http11.Http11InputBuffer.parseRequestLine(Http11InputBuffer.java:407) ~[tomcat-embed-core-10.1.15.jar:10.1.15]
	at org.apache.coyote.http11.Http11Processor.service(Http11Processor.java:264) ~[tomcat-embed-core-10.1.15.jar:10.1.15]
	at org.apache.coyote.AbstractProcessorLight.process(AbstractProcessorLight.java:63) ~[tomcat-embed-core-10.1.15.jar:10.1.15]
	at org.apache.coyote.AbstractProtocol$ConnectionHandler.process(AbstractProtocol.java:896) ~[tomcat-embed-core-10.1.15.jar:10.1.15]
	at org.apache.tomcat.util.net.NioEndpoint$SocketProcessor.doRun(NioEndpoint.java:1744) ~[tomcat-embed-core-10.1.15.jar:10.1.15]
	at org.apache.tomcat.util.net.SocketProcessorBase.run(SocketProcessorBase.java:52) ~[tomcat-embed-core-10.1.15.jar:10.1.15]
	at org.apache.tomcat.util.threads.ThreadPoolExecutor.runWorker(ThreadPoolExecutor.java:1191) ~[tomcat-embed-core-10.1.15.jar:10.1.15]
	at org.apache.tomcat.util.threads.ThreadPoolExecutor$Worker.run(ThreadPoolExecutor.java:659) ~[tomcat-embed-core-10.1.15.jar:10.1.15]
	at org.apache.tomcat.util.threads.TaskThread$WrappingRunnable.run(TaskThread.java:61) ~[tomcat-embed-core-10.1.15.jar:10.1.15]
	at java.base/java.lang.Thread.run(Thread.java:833) ~[na:na]

2023-12-11T11:21:51.724+09:00  INFO 329343 --- [io-8078-exec-10] o.apache.coyote.http11.Http11Processor   : Error parsing HTTP request header
 Note: further occurrences of HTTP request parsing errors will be logged at DEBUG level.

java.lang.IllegalArgumentException: Invalid character found in method name [0x160x030x010x000xee0x010x000x000xea0x030x03r0xe80xde0xc330xae0xb67RgH$.0xec%d&0xfbB0x090x900x1b&0xdeC0x1d'0xedE'90x0d ]. HTTP method names must be tokens
	at org.apache.coyote.http11.Http11InputBuffer.parseRequestLine(Http11InputBuffer.java:407) ~[tomcat-embed-core-10.1.15.jar:10.1.15]
	at org.apache.coyote.http11.Http11Processor.service(Http11Processor.java:264) ~[tomcat-embed-core-10.1.15.jar:10.1.15]
	at org.apache.coyote.AbstractProcessorLight.process(AbstractProcessorLight.java:63) ~[tomcat-embed-core-10.1.15.jar:10.1.15]
	at org.apache.coyote.AbstractProtocol$ConnectionHandler.process(AbstractProtocol.java:896) ~[tomcat-embed-core-10.1.15.jar:10.1.15]
	at org.apache.tomcat.util.net.NioEndpoint$SocketProcessor.doRun(NioEndpoint.java:1744) ~[tomcat-embed-core-10.1.15.jar:10.1.15]
	at org.apache.tomcat.util.net.SocketProcessorBase.run(SocketProcessorBase.java:52) ~[tomcat-embed-core-10.1.15.jar:10.1.15]
	at org.apache.tomcat.util.threads.ThreadPoolExecutor.runWorker(ThreadPoolExecutor.java:1191) ~[tomcat-embed-core-10.1.15.jar:10.1.15]
	at org.apache.tomcat.util.threads.ThreadPoolExecutor$Worker.run(ThreadPoolExecutor.java:659) ~[tomcat-embed-core-10.1.15.jar:10.1.15]
	at org.apache.tomcat.util.threads.TaskThread$WrappingRunnable.run(TaskThread.java:61) ~[tomcat-embed-core-10.1.15.jar:10.1.15]
	at java.base/java.lang.Thread.run(Thread.java:833) ~[na:na]

2023-12-11T15:45:08.573+09:00  WARN 329343 --- [nio-8078-exec-6] .w.s.m.s.DefaultHandlerExceptionResolver : Resolved [org.springframework.web.HttpRequestMethodNotSupportedException: Request method 'POST' is not supported]
2023-12-12T13:13:49.370+09:00  WARN 329343 --- [nio-8078-exec-8] .w.s.m.s.DefaultHandlerExceptionResolver : Resolved [org.springframework.web.HttpRequestMethodNotSupportedException: Request method 'POST' is not supported]
2023-12-12T13:19:55.188+09:00  WARN 329343 --- [nio-8078-exec-4] .w.s.m.s.DefaultHandlerExceptionResolver : Resolved [org.springframework.web.HttpRequestMethodNotSupportedException: Request method 'POST' is not supported]
2023-12-13T18:11:47.149+09:00  WARN 329343 --- [nio-8078-exec-9] .w.s.m.s.DefaultHandlerExceptionResolver : Resolved [org.springframework.web.HttpRequestMethodNotSupportedException: Request method 'POST' is not supported]
2023-12-14T08:29:19.044+09:00  WARN 329343 --- [nio-8078-exec-4] .w.s.m.s.DefaultHandlerExceptionResolver : Resolved [org.springframework.web.HttpRequestMethodNotSupportedException: Request method 'POST' is not supported]
2023-12-14T08:29:20.848+09:00  WARN 329343 --- [nio-8078-exec-2] .w.s.m.s.DefaultHandlerExceptionResolver : Resolved [org.springframework.web.HttpRequestMethodNotSupportedException: Request method 'POST' is not supported]
2023-12-15T04:23:29.323+09:00  INFO 329343 --- [nio-8078-exec-7] o.apache.coyote.http11.Http11Processor   : Error parsing HTTP request header
 Note: further occurrences of HTTP request parsing errors will be logged at DEBUG level.

java.lang.IllegalArgumentException: Invalid character found in method name [0x160x030x010x000xee0x010x000x000xea0x030x03Q0xe50x1b;0xa6F0x12q%0xbe0x84w0x990xff6u0x9c0xd70x160xad0x190x12S980x1fp0xa80xc6p0xcc0x7f ]. HTTP method names must be tokens
	at org.apache.coyote.http11.Http11InputBuffer.parseRequestLine(Http11InputBuffer.java:407) ~[tomcat-embed-core-10.1.15.jar:10.1.15]
	at org.apache.coyote.http11.Http11Processor.service(Http11Processor.java:264) ~[tomcat-embed-core-10.1.15.jar:10.1.15]
	at org.apache.coyote.AbstractProcessorLight.process(AbstractProcessorLight.java:63) ~[tomcat-embed-core-10.1.15.jar:10.1.15]
	at org.apache.coyote.AbstractProtocol$ConnectionHandler.process(AbstractProtocol.java:896) ~[tomcat-embed-core-10.1.15.jar:10.1.15]
	at org.apache.tomcat.util.net.NioEndpoint$SocketProcessor.doRun(NioEndpoint.java:1744) ~[tomcat-embed-core-10.1.15.jar:10.1.15]
	at org.apache.tomcat.util.net.SocketProcessorBase.run(SocketProcessorBase.java:52) ~[tomcat-embed-core-10.1.15.jar:10.1.15]
	at org.apache.tomcat.util.threads.ThreadPoolExecutor.runWorker(ThreadPoolExecutor.java:1191) ~[tomcat-embed-core-10.1.15.jar:10.1.15]
	at org.apache.tomcat.util.threads.ThreadPoolExecutor$Worker.run(ThreadPoolExecutor.java:659) ~[tomcat-embed-core-10.1.15.jar:10.1.15]
	at org.apache.tomcat.util.threads.TaskThread$WrappingRunnable.run(TaskThread.java:61) ~[tomcat-embed-core-10.1.15.jar:10.1.15]
	at java.base/java.lang.Thread.run(Thread.java:833) ~[na:na]

2023-12-16T23:50:36.305+09:00  WARN 329343 --- [io-8078-exec-10] .w.s.m.s.DefaultHandlerExceptionResolver : Resolved [org.springframework.web.HttpRequestMethodNotSupportedException: Request method 'GET' is not supported]

> Task :bootRun FAILED

FAILURE: Build failed with an exception.

* What went wrong:
Execution failed for task ':bootRun'.
> Process 'command '/usr/lib/jvm/java-17-openjdk-amd64/bin/java'' finished with non-zero exit value 137

* Try:
> Run with --stacktrace option to get the stack trace.
> Run with --info or --debug option to get more log output.
> Run with --scan to get full insights.
> Get more help at https://help.gradle.org.

BUILD FAILED in 465h 12m 29s
7 actionable tasks: 7 executed
